Jesli X zaczyna gre na pustej planszy to przy optymalnej grze przeciwnika zremisuje
Przykladowa rozgrywka
===
___
___
___
===
0 0 0 0 0 0 0 0 0 
0 : 1 3 9 27 81 243 729 2187 6561 

===
X__
___
___
===
0 0 0 0 0 0 0 0 1 
1 : 7 19 55 163 487 1459 4375 13123 

===
X__
_O_
___
===
0 0 0 0 2 0 0 0 1 
163 : 166 172 190 406 892 2350 6724 

===
XX_
_O_
___
===
0 0 0 0 2 0 0 1 1 
166 : 184 220 652 1624 4540 13288 

===
XXO
_O_
___
===
0 0 0 0 2 0 2 1 1 
184 : 211 427 913 2371 6745 

===
XXO
_O_
X__
===
0 0 1 0 2 0 2 1 1 
913 : 967 1399 5287 14035 

===
XXO
OO_
X__
===
0 0 1 0 2 2 2 1 1 
967 : 1210 3154 7528 

===
XXO
OOX
X__
===
0 0 1 1 2 2 2 1 1 
1210 : 5584 14332 

===
XXO
OOX
XO_
===
0 2 1 1 2 2 2 1 1 
5584 : 12145 

===
XXO
OOX
XOX
===
1 2 1 1 2 2 2 1 1 
12145 : 

