1794360
((0)*((1)*((2)*((3)*((4)*((5)*((6)*((7)*((8)*((9)*((10)*((11)*((12)*((13)*((14)*((15)*((16)*((17)*((18)*((19)*((20)*((21)*((22)*((23)*((24)*((25)*((26)*((27)*((28)*((29)*((30)*((31)*((32)*((33)*((34)*((35)*((36)*((37)*((38)*((39)*(((40)*(41))*((42)*((43)*((44)*((45)*(46))))))))))))))))))))))))))))))))))))))))))))))*((47)*(48))
(0*(1*(2*(3*(4*(5*(6*(7*(8*(9*(10*(11*(12*(13*(14*(15*(16*(17*(18*(19*(20*(21*(22*(23*(24*(25*(26*(27*(28*(29*(30*(31*(32*(33*(34*(35*(36*(37*(38*(39*((40*41)*(42*(43*(44*(45*46)))))))))))))))))))))))))))))))))))))))))))))*(47*48)
-0
(17020)
--1
(11500)
---2
(18500)
----3
(61420)
-----4
(82170)
------5
(26730)
-------6
(26190)
--------7
(88270)
---------8
(14560)
----------9
(6560)
-----------10
(33210)
------------11
(52650)
-------------12
(63050)
--------------13
(67900)
---------------14
(68600)
----------------15
(67620)
-----------------16
(7590)
------------------17
(9790)
-------------------18
(80990)
--------------------19
(62790)
---------------------20
(61410)
----------------------21
(89000)
-----------------------22
(100000)
------------------------23
(38000)
-------------------------24
(34580)
--------------------------25
(19110)
---------------------------26
(18060)
----------------------------27
(82560)
-----------------------------28
(53760)
------------------------------29
(45360)
-------------------------------30
(32400)
--------------------------------31
(37200)
---------------------------------32
(64170)
----------------------------------33
(48300)
-----------------------------------34
(15400)
------------------------------------35
(6600)
-------------------------------------36
(11400)
--------------------------------------37
(11020)
---------------------------------------38
(10150)
----------------------------------------39
(4550)
------------------------------------------40
(15600)
------------------------------------------41
(2080)
------------------------------------------42
(3200)
-------------------------------------------43
(18800)
--------------------------------------------44
(31960)
---------------------------------------------45
(11220)
---------------------------------------------46
(21830)
-47
(39530)
-48
