=== Ścieżka długości 5                                   ===
Values: 
Idx: 0      h: 0      D: 0      r: 0      s: 0      p: -1    
Idx: 1      h: 4      D: 4      r: 3      s: 0      p: 0     
Idx: 2      h: 3      D: 3      r: 2      s: 0      p: 1     
Idx: 3      h: 2      D: 2      r: 1      s: 0      p: 2     
Idx: 4      h: 1      D: 1      r: 0      s: 0      p: 3     
Idx: 5      h: 0      D: 0      r: 0      s: 0      p: 4     
=== Ścieżka długości 70                                  ===
Values: 
Idx: 0      h: 0      D: 0      r: 0      s: 0      p: -1    
Idx: 1      h: 69     D: 69     r: 68     s: 0      p: 0     
Idx: 2      h: 68     D: 68     r: 67     s: 0      p: 1     
Idx: 3      h: 67     D: 67     r: 66     s: 0      p: 2     
Idx: 4      h: 66     D: 66     r: 65     s: 0      p: 3     
Idx: 5      h: 65     D: 65     r: 64     s: 0      p: 4     
Idx: 6      h: 64     D: 64     r: 63     s: 0      p: 5     
Idx: 7      h: 63     D: 63     r: 62     s: 0      p: 6     
Idx: 8      h: 62     D: 62     r: 61     s: 0      p: 7     
Idx: 9      h: 61     D: 61     r: 60     s: 0      p: 8     
Idx: 10     h: 60     D: 60     r: 59     s: 0      p: 9     
Idx: 11     h: 59     D: 59     r: 58     s: 0      p: 10    
Idx: 12     h: 58     D: 58     r: 57     s: 0      p: 11    
Idx: 13     h: 57     D: 57     r: 56     s: 0      p: 12    
Idx: 14     h: 56     D: 56     r: 55     s: 0      p: 13    
Idx: 15     h: 55     D: 55     r: 54     s: 0      p: 14    
Idx: 16     h: 54     D: 54     r: 53     s: 0      p: 15    
Idx: 17     h: 53     D: 53     r: 52     s: 0      p: 16    
Idx: 18     h: 52     D: 52     r: 51     s: 0      p: 17    
Idx: 19     h: 51     D: 51     r: 50     s: 0      p: 18    
Idx: 20     h: 50     D: 50     r: 49     s: 0      p: 19    
Idx: 21     h: 49     D: 49     r: 48     s: 0      p: 20    
Idx: 22     h: 48     D: 48     r: 47     s: 0      p: 21    
Idx: 23     h: 47     D: 47     r: 46     s: 0      p: 22    
Idx: 24     h: 46     D: 46     r: 45     s: 0      p: 23    
Idx: 25     h: 45     D: 45     r: 44     s: 0      p: 24    
Idx: 26     h: 44     D: 44     r: 43     s: 0      p: 25    
Idx: 27     h: 43     D: 43     r: 42     s: 0      p: 26    
Idx: 28     h: 42     D: 42     r: 41     s: 0      p: 27    
Idx: 29     h: 41     D: 41     r: 40     s: 0      p: 28    
Idx: 30     h: 40     D: 40     r: 39     s: 0      p: 29    
Idx: 31     h: 39     D: 39     r: 38     s: 0      p: 30    
Idx: 32     h: 38     D: 38     r: 37     s: 0      p: 31    
Idx: 33     h: 37     D: 37     r: 36     s: 0      p: 32    
Idx: 34     h: 36     D: 36     r: 35     s: 0      p: 33    
Idx: 35     h: 35     D: 35     r: 34     s: 0      p: 34    
Idx: 36     h: 34     D: 34     r: 33     s: 0      p: 35    
Idx: 37     h: 33     D: 33     r: 32     s: 0      p: 36    
Idx: 38     h: 32     D: 32     r: 31     s: 0      p: 37    
Idx: 39     h: 31     D: 31     r: 30     s: 0      p: 38    
Idx: 40     h: 30     D: 30     r: 29     s: 0      p: 39    
Idx: 41     h: 29     D: 29     r: 28     s: 0      p: 40    
Idx: 42     h: 28     D: 28     r: 27     s: 0      p: 41    
Idx: 43     h: 27     D: 27     r: 26     s: 0      p: 42    
Idx: 44     h: 26     D: 26     r: 25     s: 0      p: 43    
Idx: 45     h: 25     D: 25     r: 24     s: 0      p: 44    
Idx: 46     h: 24     D: 24     r: 23     s: 0      p: 45    
Idx: 47     h: 23     D: 23     r: 22     s: 0      p: 46    
Idx: 48     h: 22     D: 22     r: 21     s: 0      p: 47    
Idx: 49     h: 21     D: 21     r: 20     s: 0      p: 48    
Idx: 50     h: 20     D: 20     r: 19     s: 0      p: 49    
Idx: 51     h: 19     D: 19     r: 18     s: 0      p: 50    
Idx: 52     h: 18     D: 18     r: 17     s: 0      p: 51    
Idx: 53     h: 17     D: 17     r: 16     s: 0      p: 52    
Idx: 54     h: 16     D: 16     r: 15     s: 0      p: 53    
Idx: 55     h: 15     D: 15     r: 14     s: 0      p: 54    
Idx: 56     h: 14     D: 14     r: 13     s: 0      p: 55    
Idx: 57     h: 13     D: 13     r: 12     s: 0      p: 56    
Idx: 58     h: 12     D: 12     r: 11     s: 0      p: 57    
Idx: 59     h: 11     D: 11     r: 10     s: 0      p: 58    
Idx: 60     h: 10     D: 10     r: 9      s: 0      p: 59    
Idx: 61     h: 9      D: 9      r: 8      s: 0      p: 60    
Idx: 62     h: 8      D: 8      r: 7      s: 0      p: 61    
Idx: 63     h: 7      D: 7      r: 6      s: 0      p: 62    
Idx: 64     h: 6      D: 6      r: 5      s: 0      p: 63    
Idx: 65     h: 5      D: 5      r: 4      s: 0      p: 64    
Idx: 66     h: 4      D: 4      r: 3      s: 0      p: 65    
Idx: 67     h: 3      D: 3      r: 2      s: 0      p: 66    
Idx: 68     h: 2      D: 2      r: 1      s: 0      p: 67    
Idx: 69     h: 1      D: 1      r: 0      s: 0      p: 68    
Idx: 70     h: 0      D: 0      r: 0      s: 0      p: 69    
=== Drzewo binarne 32 wierzchołkowe                         ===
Values: 
Idx: 0      h: 0      D: 0      r: 0      s: 0      p: -1    
Idx: 1      h: 4      D: 8      r: 6      s: 8      p: 0     
Idx: 2      h: 3      D: 6      r: 4      s: 6      p: 1     
Idx: 3      h: 3      D: 6      r: 4      s: 6      p: 1     
Idx: 4      h: 2      D: 4      r: 2      s: 4      p: 2     
Idx: 5      h: 2      D: 4      r: 2      s: 4      p: 2     
Idx: 6      h: 2      D: 4      r: 2      s: 4      p: 3     
Idx: 7      h: 2      D: 4      r: 2      s: 4      p: 3     
Idx: 8      h: 1      D: 2      r: 0      s: 2      p: 4     
Idx: 9      h: 1      D: 2      r: 0      s: 2      p: 4     
Idx: 10     h: 1      D: 2      r: 0      s: 2      p: 5     
Idx: 11     h: 1      D: 2      r: 0      s: 2      p: 5     
Idx: 12     h: 1      D: 2      r: 0      s: 2      p: 6     
Idx: 13     h: 1      D: 2      r: 0      s: 2      p: 6     
Idx: 14     h: 1      D: 2      r: 0      s: 2      p: 7     
Idx: 15     h: 1      D: 2      r: 0      s: 2      p: 7     
Idx: 16     h: 0      D: 0      r: 0      s: 0      p: 8     
Idx: 17     h: 0      D: 0      r: 0      s: 0      p: 8     
Idx: 18     h: 0      D: 0      r: 0      s: 0      p: 9     
Idx: 19     h: 0      D: 0      r: 0      s: 0      p: 9     
Idx: 20     h: 0      D: 0      r: 0      s: 0      p: 10    
Idx: 21     h: 0      D: 0      r: 0      s: 0      p: 10    
Idx: 22     h: 0      D: 0      r: 0      s: 0      p: 11    
Idx: 23     h: 0      D: 0      r: 0      s: 0      p: 11    
Idx: 24     h: 0      D: 0      r: 0      s: 0      p: 12    
Idx: 25     h: 0      D: 0      r: 0      s: 0      p: 12    
Idx: 26     h: 0      D: 0      r: 0      s: 0      p: 13    
Idx: 27     h: 0      D: 0      r: 0      s: 0      p: 13    
Idx: 28     h: 0      D: 0      r: 0      s: 0      p: 14    
Idx: 29     h: 0      D: 0      r: 0      s: 0      p: 14    
Idx: 30     h: 0      D: 0      r: 0      s: 0      p: 15    
Idx: 31     h: 0      D: 0      r: 0      s: 0      p: 15    
=== Drzewo binarne 33 wierzchołkowe                         ===
Values: 
Idx: 0      h: 0      D: 0      r: 0      s: 0      p: -1    
Idx: 1      h: 5      D: 9      r: 7      s: 9      p: 0     
Idx: 2      h: 4      D: 7      r: 5      s: 7      p: 1     
Idx: 3      h: 3      D: 6      r: 4      s: 6      p: 1     
Idx: 4      h: 3      D: 5      r: 3      s: 5      p: 2     
Idx: 5      h: 2      D: 4      r: 2      s: 4      p: 2     
Idx: 6      h: 2      D: 4      r: 2      s: 4      p: 3     
Idx: 7      h: 2      D: 4      r: 2      s: 4      p: 3     
Idx: 8      h: 2      D: 3      r: 1      s: 3      p: 4     
Idx: 9      h: 1      D: 2      r: 0      s: 2      p: 4     
Idx: 10     h: 1      D: 2      r: 0      s: 2      p: 5     
Idx: 11     h: 1      D: 2      r: 0      s: 2      p: 5     
Idx: 12     h: 1      D: 2      r: 0      s: 2      p: 6     
Idx: 13     h: 1      D: 2      r: 0      s: 2      p: 6     
Idx: 14     h: 1      D: 2      r: 0      s: 2      p: 7     
Idx: 15     h: 1      D: 2      r: 0      s: 2      p: 7     
Idx: 16     h: 1      D: 1      r: 0      s: 0      p: 8     
Idx: 17     h: 0      D: 0      r: 0      s: 0      p: 8     
Idx: 18     h: 0      D: 0      r: 0      s: 0      p: 9     
Idx: 19     h: 0      D: 0      r: 0      s: 0      p: 9     
Idx: 20     h: 0      D: 0      r: 0      s: 0      p: 10    
Idx: 21     h: 0      D: 0      r: 0      s: 0      p: 10    
Idx: 22     h: 0      D: 0      r: 0      s: 0      p: 11    
Idx: 23     h: 0      D: 0      r: 0      s: 0      p: 11    
Idx: 24     h: 0      D: 0      r: 0      s: 0      p: 12    
Idx: 25     h: 0      D: 0      r: 0      s: 0      p: 12    
Idx: 26     h: 0      D: 0      r: 0      s: 0      p: 13    
Idx: 27     h: 0      D: 0      r: 0      s: 0      p: 13    
Idx: 28     h: 0      D: 0      r: 0      s: 0      p: 14    
Idx: 29     h: 0      D: 0      r: 0      s: 0      p: 14    
Idx: 30     h: 0      D: 0      r: 0      s: 0      p: 15    
Idx: 31     h: 0      D: 0      r: 0      s: 0      p: 15    
Idx: 32     h: 0      D: 0      r: 0      s: 0      p: 16    
